[debug] [2021-12-21T05:24:10.477Z] ----------------------------------------------------------------------
[debug] [2021-12-21T05:24:10.479Z] Command:       C:\Program Files\nodejs\node.exe C:\Users\onkar\AppData\Roaming\npm\node_modules\firebase-tools\lib\bin\firebase.js hosting:disable
[debug] [2021-12-21T05:24:10.479Z] CLI Version:   9.23.3
[debug] [2021-12-21T05:24:10.479Z] Platform:      win32
[debug] [2021-12-21T05:24:10.480Z] Node Version:  v14.18.1
[debug] [2021-12-21T05:24:10.480Z] Time:          Tue Dec 21 2021 10:54:10 GMT+0530 (India Standard Time)
[debug] [2021-12-21T05:24:10.480Z] ----------------------------------------------------------------------
[debug] 
[debug] [2021-12-21T05:24:10.540Z] > command requires scopes: ["email","openid","https://www.googleapis.com/auth/cloudplatformprojects.readonly","https://www.googleapis.com/auth/firebase","https://www.googleapis.com/auth/cloud-platform"]
[debug] [2021-12-21T05:24:10.541Z] > authorizing via signed-in user (2018bin029@sggs.ac.in)
[debug] [2021-12-21T05:24:10.541Z] [iam] checking project fir-disney-clone for permissions ["firebase.projects.get","firebasehosting.sites.update"]
[debug] [2021-12-21T05:24:10.543Z] >>> HTTP REQUEST POST https://cloudresourcemanager.googleapis.com/v1/projects/fir-disney-clone:testIamPermissions  
 {"permissions":["firebase.projects.get","firebasehosting.sites.update"]}
[debug] [2021-12-21T05:24:10.574Z] [iam] error while checking permissions, command may fail: FirebaseError: Server Error. getaddrinfo ENOTFOUND cloudresourcemanager.googleapis.com
[debug] [2021-12-21T05:24:10.576Z] > refreshing access token with scopes: []
[debug] [2021-12-21T05:24:10.576Z] >>> HTTP REQUEST POST https://www.googleapis.com/oauth2/v3/token  
 <request body omitted>
[debug] [2021-12-21T05:24:10.580Z] Authentication Error: Your credentials are no longer valid. Please run firebase login --reauth

For CI servers and headless environments, generate a new token with firebase login:ci
[debug] [2021-12-21T05:24:10.584Z] FirebaseError: Authentication Error: Your credentials are no longer valid. Please run firebase login --reauth

For CI servers and headless environments, generate a new token with firebase login:ci
    at invalidCredentialError (C:\Users\onkar\AppData\Roaming\npm\node_modules\firebase-tools\lib\auth.js:141:12)
    at refreshTokens (C:\Users\onkar\AppData\Roaming\npm\node_modules\firebase-tools\lib\auth.js:448:15)
    at processTicksAndRejections (internal/process/task_queues.js:95:5)
    at async Client.getAccessToken (C:\Users\onkar\AppData\Roaming\npm\node_modules\firebase-tools\lib\apiv2.js:146:23)
    at async Client.addAuthHeader (C:\Users\onkar\AppData\Roaming\npm\node_modules\firebase-tools\lib\apiv2.js:137:21)
    at async Client.request (C:\Users\onkar\AppData\Roaming\npm\node_modules\firebase-tools\lib\apiv2.js:93:34)
    at async Object.getFirebaseProject (C:\Users\onkar\AppData\Roaming\npm\node_modules\firebase-tools\lib\management\projects.js:290:21)
    at async Object.getDefaultHostingSite (C:\Users\onkar\AppData\Roaming\npm\node_modules\firebase-tools\lib\getDefaultHostingSite.js:8:21)
    at async Object.requireHostingSite [as fn] (C:\Users\onkar\AppData\Roaming\npm\node_modules\firebase-tools\lib\requireHostingSite.js:9:18)
    at async C:\Users\onkar\AppData\Roaming\npm\node_modules\firebase-tools\lib\command.js:188:17
[error] 
[error] Error: Failed to get Firebase project fir-disney-clone. Please make sure the project exists and your account has permission to access it.
